[ 2016-06-04T12:16:12+08:00 ] ::1 /thinkphp_3.2.3_full/XHBBS
INFO: [ app_init ] --START--
INFO: Run Behavior\BuildLiteBehavior [ RunTime:0.000000s ]
INFO: [ app_init ] --END-- [ RunTime:0.002000s ]
INFO: [ app_begin ] --START--
INFO: Run Behavior\ReadHtmlCacheBehavior [ RunTime:0.002000s ]
INFO: [ app_begin ] --END-- [ RunTime:0.003000s ]
NOTIC: [8] A session had already been started - ignoring session_start() G:\xampp\htdocs\thinkphp_3.2.3_full\ThinkPHP\Common\functions.php 第 1263 行.
INFO: [ view_parse ] --START--
INFO: Run Behavior\ParseTemplateBehavior [ RunTime:0.011000s ]
INFO: [ view_parse ] --END-- [ RunTime:0.011000s ]
INFO: [ view_filter ] --START--
INFO: Run Behavior\WriteHtmlCacheBehavior [ RunTime:0.001000s ]
INFO: [ view_filter ] --END-- [ RunTime:0.001000s ]
INFO: [ app_end ] --START--
INFO: Run Behavior\ShowPageTraceBehavior [ RunTime:0.002001s ]
INFO: [ app_end ] --END-- [ RunTime:0.002001s ]

[ 2016-06-04T12:16:36+08:00 ] ::1 /thinkphp_3.2.3_full/XHBBS/Essay/publish
INFO: [ app_init ] --START--
INFO: Run Behavior\BuildLiteBehavior [ RunTime:0.000000s ]
INFO: [ app_init ] --END-- [ RunTime:0.001000s ]
INFO: [ app_begin ] --START--
INFO: Run Behavior\ReadHtmlCacheBehavior [ RunTime:0.002000s ]
INFO: [ app_begin ] --END-- [ RunTime:0.002000s ]
NOTIC: [8] A session had already been started - ignoring session_start() G:\xampp\htdocs\thinkphp_3.2.3_full\ThinkPHP\Common\functions.php 第 1263 行.
SQL: INSERT INTO `xh_article` (`userid`,`content`,`title`,`runtime`) VALUES ('2012011','猫喜欢狗','知乎','16-06-04 12:16:36') [ RunTime:0.0920s ]
SQL: SELECT * FROM `xh_article` WHERE ( userid=2012011 ) LIMIT 1   [ RunTime:0.0010s ]

[ 2016-06-04T12:17:53+08:00 ] ::1 /thinkphp_3.2.3_full/XHBBS/Essay/publish
INFO: [ app_init ] --START--
INFO: Run Behavior\BuildLiteBehavior [ RunTime:0.000000s ]
INFO: [ app_init ] --END-- [ RunTime:0.001000s ]
INFO: [ app_begin ] --START--
INFO: Run Behavior\ReadHtmlCacheBehavior [ RunTime:0.002000s ]
INFO: [ app_begin ] --END-- [ RunTime:0.002000s ]
NOTIC: [8] A session had already been started - ignoring session_start() G:\xampp\htdocs\thinkphp_3.2.3_full\ThinkPHP\Common\functions.php 第 1263 行.
SQL: INSERT INTO `xh_article` (`userid`,`content`,`title`,`runtime`) VALUES ('2012011','猫喜欢狗','知乎','16-06-04 12:17:53') [ RunTime:0.0360s ]
SQL: SELECT * FROM `xh_article` WHERE `userid` = '2012011' AND `content` = '猫喜欢狗' AND `title` = '知乎' AND `runtime` = '16-06-04 12:17:53' LIMIT 1   [ RunTime:0.0640s ]

[ 2016-06-04T13:13:38+08:00 ] ::1 /thinkphp_3.2.3_full/XHBBS/Essay/publish
INFO: [ app_init ] --START--
INFO: Run Behavior\BuildLiteBehavior [ RunTime:0.000000s ]
INFO: [ app_init ] --END-- [ RunTime:0.001000s ]
INFO: [ app_begin ] --START--
INFO: Run Behavior\ReadHtmlCacheBehavior [ RunTime:0.002000s ]
INFO: [ app_begin ] --END-- [ RunTime:0.002000s ]
NOTIC: [8] A session had already been started - ignoring session_start() G:\xampp\htdocs\thinkphp_3.2.3_full\ThinkPHP\Common\functions.php 第 1263 行.

[ 2016-06-04T13:17:32+08:00 ] ::1 /thinkphp_3.2.3_full/XHBBS/Essay/publish
INFO: [ app_init ] --START--
INFO: Run Behavior\BuildLiteBehavior [ RunTime:0.000000s ]
INFO: [ app_init ] --END-- [ RunTime:0.001000s ]
INFO: [ app_begin ] --START--
INFO: Run Behavior\ReadHtmlCacheBehavior [ RunTime:0.002001s ]
INFO: [ app_begin ] --END-- [ RunTime:0.002001s ]
NOTIC: [8] A session had already been started - ignoring session_start() G:\xampp\htdocs\thinkphp_3.2.3_full\ThinkPHP\Common\functions.php 第 1263 行.

[ 2016-06-04T13:18:56+08:00 ] ::1 /thinkphp_3.2.3_full/XHBBS/Essay/publish
INFO: [ app_init ] --START--
INFO: Run Behavior\BuildLiteBehavior [ RunTime:0.001000s ]
INFO: [ app_init ] --END-- [ RunTime:0.001000s ]
INFO: [ app_begin ] --START--
INFO: Run Behavior\ReadHtmlCacheBehavior [ RunTime:0.001000s ]
INFO: [ app_begin ] --END-- [ RunTime:0.001000s ]
NOTIC: [8] A session had already been started - ignoring session_start() G:\xampp\htdocs\thinkphp_3.2.3_full\ThinkPHP\Common\functions.php 第 1263 行.

[ 2016-06-04T13:19:20+08:00 ] ::1 /thinkphp_3.2.3_full/XHBBS/Essay/publish
INFO: [ app_init ] --START--
INFO: Run Behavior\BuildLiteBehavior [ RunTime:0.000000s ]
INFO: [ app_init ] --END-- [ RunTime:0.002000s ]
INFO: [ app_begin ] --START--
INFO: Run Behavior\ReadHtmlCacheBehavior [ RunTime:0.002000s ]
INFO: [ app_begin ] --END-- [ RunTime:0.002000s ]
NOTIC: [8] A session had already been started - ignoring session_start() G:\xampp\htdocs\thinkphp_3.2.3_full\ThinkPHP\Common\functions.php 第 1263 行.

[ 2016-06-04T13:19:44+08:00 ] ::1 /thinkphp_3.2.3_full/XHBBS/Essay/publish
INFO: [ app_init ] --START--
INFO: Run Behavior\BuildLiteBehavior [ RunTime:0.000000s ]
INFO: [ app_init ] --END-- [ RunTime:0.001000s ]
INFO: [ app_begin ] --START--
INFO: Run Behavior\ReadHtmlCacheBehavior [ RunTime:0.002000s ]
INFO: [ app_begin ] --END-- [ RunTime:0.002000s ]
NOTIC: [8] A session had already been started - ignoring session_start() G:\xampp\htdocs\thinkphp_3.2.3_full\ThinkPHP\Common\functions.php 第 1263 行.
SQL: INSERT INTO `xh_article` (`userid`,`content`,`title`,`runtime`) VALUES ('2014011','hahahaha','admin','16-06-04 01:19:44') [ RunTime:0.0670s ]
SQL: SELECT * FROM `xh_article` WHERE `userid` = '2014011' AND `content` = 'hahahaha' AND `title` = 'admin' AND `runtime` = '16-06-04 01:19:44' LIMIT 1   [ RunTime:0.0080s ]

[ 2016-06-04T13:20:21+08:00 ] ::1 /thinkphp_3.2.3_full/XHBBS/Essay/publish
INFO: [ app_init ] --START--
INFO: Run Behavior\BuildLiteBehavior [ RunTime:0.000000s ]
INFO: [ app_init ] --END-- [ RunTime:0.001000s ]
INFO: [ app_begin ] --START--
INFO: Run Behavior\ReadHtmlCacheBehavior [ RunTime:0.002000s ]
INFO: [ app_begin ] --END-- [ RunTime:0.002000s ]
NOTIC: [8] A session had already been started - ignoring session_start() G:\xampp\htdocs\thinkphp_3.2.3_full\ThinkPHP\Common\functions.php 第 1263 行.

[ 2016-06-04T13:30:19+08:00 ] ::1 /thinkphp_3.2.3_full/XHBBS/Essay/getDetails
INFO: [ app_init ] --START--
INFO: Run Behavior\BuildLiteBehavior [ RunTime:0.000000s ]
INFO: [ app_init ] --END-- [ RunTime:0.002000s ]
INFO: [ app_begin ] --START--
INFO: Run Behavior\ReadHtmlCacheBehavior [ RunTime:0.001000s ]
INFO: [ app_begin ] --END-- [ RunTime:0.002001s ]
NOTIC: [8] A session had already been started - ignoring session_start() G:\xampp\htdocs\thinkphp_3.2.3_full\ThinkPHP\Common\functions.php 第 1263 行.
SQL: SHOW COLUMNS FROM `xh_article` [ RunTime:0.0060s ]
SQL: SELECT A.ID,A.title,A.userid,A.content,A.runtime,B.content comment,B.runtime commenttime FROM xh_article A left JOIN xh_comment B on B.articleID=A.ID  WHERE A.id = '1'  [ RunTime:0.0560s ]
INFO: [ app_end ] --START--
INFO: Run Behavior\ShowPageTraceBehavior [ RunTime:0.023001s ]
INFO: [ app_end ] --END-- [ RunTime:0.023001s ]

[ 2016-06-04T13:32:31+08:00 ] ::1 /thinkphp_3.2.3_full/XHBBS/Essay/getDetails
INFO: [ app_init ] --START--
INFO: Run Behavior\BuildLiteBehavior [ RunTime:0.000000s ]
INFO: [ app_init ] --END-- [ RunTime:0.001000s ]
INFO: [ app_begin ] --START--
INFO: Run Behavior\ReadHtmlCacheBehavior [ RunTime:0.002000s ]
INFO: [ app_begin ] --END-- [ RunTime:0.002000s ]
NOTIC: [8] A session had already been started - ignoring session_start() G:\xampp\htdocs\thinkphp_3.2.3_full\ThinkPHP\Common\functions.php 第 1263 行.
SQL: SHOW COLUMNS FROM `xh_article` [ RunTime:0.0050s ]
SQL: SELECT A.ID,A.title,A.userid,A.content,A.runtime,B.content comment,B.runtime commenttime FROM xh_article A left JOIN xh_comment B on B.articleID=A.ID  WHERE A.id = '1'  [ RunTime:0.0000s ]

[ 2016-06-04T13:32:38+08:00 ] ::1 /thinkphp_3.2.3_full/XHBBS/Essay/getDetails
INFO: [ app_init ] --START--
INFO: Run Behavior\BuildLiteBehavior [ RunTime:0.000000s ]
INFO: [ app_init ] --END-- [ RunTime:0.001001s ]
INFO: [ app_begin ] --START--
INFO: Run Behavior\ReadHtmlCacheBehavior [ RunTime:0.002000s ]
INFO: [ app_begin ] --END-- [ RunTime:0.002000s ]
NOTIC: [8] A session had already been started - ignoring session_start() G:\xampp\htdocs\thinkphp_3.2.3_full\ThinkPHP\Common\functions.php 第 1263 行.
SQL: SHOW COLUMNS FROM `xh_article` [ RunTime:0.0060s ]
SQL: SELECT A.ID,A.title,A.userid,A.content,A.runtime,B.content comment,B.runtime commenttime FROM xh_article A left JOIN xh_comment B on B.articleID=A.ID  WHERE A.id = '2'  [ RunTime:0.0010s ]

[ 2016-06-04T13:32:43+08:00 ] ::1 /thinkphp_3.2.3_full/XHBBS/Essay/getDetails
INFO: [ app_init ] --START--
INFO: Run Behavior\BuildLiteBehavior [ RunTime:0.000000s ]
INFO: [ app_init ] --END-- [ RunTime:0.003000s ]
INFO: [ app_begin ] --START--
INFO: Run Behavior\ReadHtmlCacheBehavior [ RunTime:0.002001s ]
INFO: [ app_begin ] --END-- [ RunTime:0.002001s ]
NOTIC: [8] A session had already been started - ignoring session_start() G:\xampp\htdocs\thinkphp_3.2.3_full\ThinkPHP\Common\functions.php 第 1263 行.
SQL: SHOW COLUMNS FROM `xh_article` [ RunTime:0.0060s ]
SQL: SELECT A.ID,A.title,A.userid,A.content,A.runtime,B.content comment,B.runtime commenttime FROM xh_article A left JOIN xh_comment B on B.articleID=A.ID  WHERE A.id = '3'  [ RunTime:0.0010s ]

[ 2016-06-04T13:32:47+08:00 ] ::1 /thinkphp_3.2.3_full/XHBBS/Essay/getDetails
INFO: [ app_init ] --START--
INFO: Run Behavior\BuildLiteBehavior [ RunTime:0.000000s ]
INFO: [ app_init ] --END-- [ RunTime:0.003000s ]
INFO: [ app_begin ] --START--
INFO: Run Behavior\ReadHtmlCacheBehavior [ RunTime:0.001000s ]
INFO: [ app_begin ] --END-- [ RunTime:0.001000s ]
NOTIC: [8] A session had already been started - ignoring session_start() G:\xampp\htdocs\thinkphp_3.2.3_full\ThinkPHP\Common\functions.php 第 1263 行.
SQL: SHOW COLUMNS FROM `xh_article` [ RunTime:0.0100s ]
SQL: SELECT A.ID,A.title,A.userid,A.content,A.runtime,B.content comment,B.runtime commenttime FROM xh_article A left JOIN xh_comment B on B.articleID=A.ID  WHERE A.id = '4'  [ RunTime:0.0010s ]

[ 2016-06-04T13:33:28+08:00 ] ::1 /thinkphp_3.2.3_full/XHBBS/Essay/getDetails
INFO: [ app_init ] --START--
INFO: Run Behavior\BuildLiteBehavior [ RunTime:0.000000s ]
INFO: [ app_init ] --END-- [ RunTime:0.001000s ]
INFO: [ app_begin ] --START--
INFO: Run Behavior\ReadHtmlCacheBehavior [ RunTime:0.002000s ]
INFO: [ app_begin ] --END-- [ RunTime:0.002000s ]
NOTIC: [8] A session had already been started - ignoring session_start() G:\xampp\htdocs\thinkphp_3.2.3_full\ThinkPHP\Common\functions.php 第 1263 行.
SQL: SHOW COLUMNS FROM `xh_article` [ RunTime:0.0060s ]
SQL: SELECT A.ID,A.title,A.userid,A.content,A.runtime,B.content comment,B.runtime commenttime FROM xh_article A left JOIN xh_comment B on B.articleID=A.ID  WHERE A.id = '4' AND A.userid = '2012011'  [ RunTime:0.0000s ]

[ 2016-06-04T13:33:31+08:00 ] ::1 /thinkphp_3.2.3_full/XHBBS/Essay/getDetails
INFO: [ app_init ] --START--
INFO: Run Behavior\BuildLiteBehavior [ RunTime:0.000000s ]
INFO: [ app_init ] --END-- [ RunTime:0.002001s ]
INFO: [ app_begin ] --START--
INFO: Run Behavior\ReadHtmlCacheBehavior [ RunTime:0.001000s ]
INFO: [ app_begin ] --END-- [ RunTime:0.001000s ]
NOTIC: [8] A session had already been started - ignoring session_start() G:\xampp\htdocs\thinkphp_3.2.3_full\ThinkPHP\Common\functions.php 第 1263 行.
SQL: SHOW COLUMNS FROM `xh_article` [ RunTime:0.0050s ]
SQL: SELECT A.ID,A.title,A.userid,A.content,A.runtime,B.content comment,B.runtime commenttime FROM xh_article A left JOIN xh_comment B on B.articleID=A.ID  WHERE A.id = '4' AND A.userid = '20120111'  [ RunTime:0.0010s ]

[ 2016-06-04T13:33:42+08:00 ] ::1 /thinkphp_3.2.3_full/XHBBS/Essay/getDetails
INFO: [ app_init ] --START--
INFO: Run Behavior\BuildLiteBehavior [ RunTime:0.000000s ]
INFO: [ app_init ] --END-- [ RunTime:0.002000s ]
INFO: [ app_begin ] --START--
INFO: Run Behavior\ReadHtmlCacheBehavior [ RunTime:0.002000s ]
INFO: [ app_begin ] --END-- [ RunTime:0.002000s ]
NOTIC: [8] A session had already been started - ignoring session_start() G:\xampp\htdocs\thinkphp_3.2.3_full\ThinkPHP\Common\functions.php 第 1263 行.
SQL: SHOW COLUMNS FROM `xh_article` [ RunTime:0.0060s ]
SQL: SELECT A.ID,A.title,A.userid,A.content,A.runtime,B.content comment,B.runtime commenttime FROM xh_article A left JOIN xh_comment B on B.articleID=A.ID  WHERE A.id = '5' AND A.userid = '20120111'  [ RunTime:0.0100s ]

[ 2016-06-04T13:33:46+08:00 ] ::1 /thinkphp_3.2.3_full/XHBBS/Essay/getDetails
INFO: [ app_init ] --START--
INFO: Run Behavior\BuildLiteBehavior [ RunTime:0.000000s ]
INFO: [ app_init ] --END-- [ RunTime:0.001000s ]
INFO: [ app_begin ] --START--
INFO: Run Behavior\ReadHtmlCacheBehavior [ RunTime:0.001000s ]
INFO: [ app_begin ] --END-- [ RunTime:0.001000s ]
NOTIC: [8] A session had already been started - ignoring session_start() G:\xampp\htdocs\thinkphp_3.2.3_full\ThinkPHP\Common\functions.php 第 1263 行.
SQL: SHOW COLUMNS FROM `xh_article` [ RunTime:0.0060s ]
SQL: SELECT A.ID,A.title,A.userid,A.content,A.runtime,B.content comment,B.runtime commenttime FROM xh_article A left JOIN xh_comment B on B.articleID=A.ID  WHERE A.id = '5' AND A.userid = '2012011'  [ RunTime:0.0010s ]

[ 2016-06-04T13:33:57+08:00 ] ::1 /thinkphp_3.2.3_full/XHBBS/Essay/getDetails
INFO: [ app_init ] --START--
INFO: Run Behavior\BuildLiteBehavior [ RunTime:0.000000s ]
INFO: [ app_init ] --END-- [ RunTime:0.001000s ]
INFO: [ app_begin ] --START--
INFO: Run Behavior\ReadHtmlCacheBehavior [ RunTime:0.002000s ]
INFO: [ app_begin ] --END-- [ RunTime:0.002000s ]
NOTIC: [8] A session had already been started - ignoring session_start() G:\xampp\htdocs\thinkphp_3.2.3_full\ThinkPHP\Common\functions.php 第 1263 行.
SQL: SHOW COLUMNS FROM `xh_article` [ RunTime:0.0060s ]
SQL: SELECT A.ID,A.title,A.userid,A.content,A.runtime,B.content comment,B.runtime commenttime FROM xh_article A left JOIN xh_comment B on B.articleID=A.ID  WHERE A.id = '7' AND A.userid = '2012011'  [ RunTime:0.0010s ]

[ 2016-06-04T13:34:02+08:00 ] ::1 /thinkphp_3.2.3_full/XHBBS/Essay/getDetails
INFO: [ app_init ] --START--
INFO: Run Behavior\BuildLiteBehavior [ RunTime:0.000000s ]
INFO: [ app_init ] --END-- [ RunTime:0.001000s ]
INFO: [ app_begin ] --START--
INFO: Run Behavior\ReadHtmlCacheBehavior [ RunTime:0.002000s ]
INFO: [ app_begin ] --END-- [ RunTime:0.002000s ]
NOTIC: [8] A session had already been started - ignoring session_start() G:\xampp\htdocs\thinkphp_3.2.3_full\ThinkPHP\Common\functions.php 第 1263 行.
SQL: SHOW COLUMNS FROM `xh_article` [ RunTime:0.0050s ]
SQL: SELECT A.ID,A.title,A.userid,A.content,A.runtime,B.content comment,B.runtime commenttime FROM xh_article A left JOIN xh_comment B on B.articleID=A.ID  WHERE A.id = '7' AND A.userid = '2014011'  [ RunTime:0.0010s ]

[ 2016-06-04T13:35:31+08:00 ] ::1 /thinkphp_3.2.3_full/XHBBS/Essay/getArticle
INFO: [ app_init ] --START--
INFO: Run Behavior\BuildLiteBehavior [ RunTime:0.000000s ]
INFO: [ app_init ] --END-- [ RunTime:0.001000s ]
INFO: [ app_begin ] --START--
INFO: Run Behavior\ReadHtmlCacheBehavior [ RunTime:0.002000s ]
INFO: [ app_begin ] --END-- [ RunTime:0.002000s ]
NOTIC: [8] A session had already been started - ignoring session_start() G:\xampp\htdocs\thinkphp_3.2.3_full\ThinkPHP\Common\functions.php 第 1263 行.
SQL: SHOW COLUMNS FROM `xh_article` [ RunTime:0.0050s ]
SQL: SELECT A.ID,A.title,A.userid,A.content,A.runtime,B.content comment,B.runtime commenttime FROM xh_article A left JOIN xh_comment B on B.articleID=A.ID  WHERE A.userid = '2014011'  [ RunTime:0.0010s ]

[ 2016-06-04T13:35:41+08:00 ] ::1 /thinkphp_3.2.3_full/XHBBS/Essay/getArticle
INFO: [ app_init ] --START--
INFO: Run Behavior\BuildLiteBehavior [ RunTime:0.000000s ]
INFO: [ app_init ] --END-- [ RunTime:0.001000s ]
INFO: [ app_begin ] --START--
INFO: Run Behavior\ReadHtmlCacheBehavior [ RunTime:0.002000s ]
INFO: [ app_begin ] --END-- [ RunTime:0.002000s ]
NOTIC: [8] A session had already been started - ignoring session_start() G:\xampp\htdocs\thinkphp_3.2.3_full\ThinkPHP\Common\functions.php 第 1263 行.
NOTIC: [8] Undefined variable: map G:\xampp\htdocs\thinkphp_3.2.3_full\Api\XHBBS\Controller\EssayController.class.php 第 30 行.
SQL: SHOW COLUMNS FROM `xh_article` [ RunTime:0.0040s ]
SQL: SELECT A.ID,A.title,A.userid,A.content,A.runtime,B.content comment,B.runtime commenttime FROM xh_article A left JOIN xh_comment B on B.articleID=A.ID   [ RunTime:0.0000s ]

[ 2016-06-04T13:35:49+08:00 ] ::1 /thinkphp_3.2.3_full/XHBBS/Essay/getArticle
INFO: [ app_init ] --START--
INFO: Run Behavior\BuildLiteBehavior [ RunTime:0.000000s ]
INFO: [ app_init ] --END-- [ RunTime:0.001000s ]
INFO: [ app_begin ] --START--
INFO: Run Behavior\ReadHtmlCacheBehavior [ RunTime:0.002000s ]
INFO: [ app_begin ] --END-- [ RunTime:0.002000s ]
NOTIC: [8] A session had already been started - ignoring session_start() G:\xampp\htdocs\thinkphp_3.2.3_full\ThinkPHP\Common\functions.php 第 1263 行.
SQL: SHOW COLUMNS FROM `xh_article` [ RunTime:0.0060s ]
SQL: SELECT A.ID,A.title,A.userid,A.content,A.runtime,B.content comment,B.runtime commenttime FROM xh_article A left JOIN xh_comment B on B.articleID=A.ID  WHERE A.userid = '2014011'  [ RunTime:0.0000s ]

[ 2016-06-04T13:35:54+08:00 ] ::1 /thinkphp_3.2.3_full/XHBBS/Essay/getArticle
INFO: [ app_init ] --START--
INFO: Run Behavior\BuildLiteBehavior [ RunTime:0.000000s ]
INFO: [ app_init ] --END-- [ RunTime:0.000000s ]
INFO: [ app_begin ] --START--
INFO: Run Behavior\ReadHtmlCacheBehavior [ RunTime:0.001000s ]
INFO: [ app_begin ] --END-- [ RunTime:0.001000s ]
NOTIC: [8] A session had already been started - ignoring session_start() G:\xampp\htdocs\thinkphp_3.2.3_full\ThinkPHP\Common\functions.php 第 1263 行.
SQL: SHOW COLUMNS FROM `xh_article` [ RunTime:0.0050s ]
SQL: SELECT A.ID,A.title,A.userid,A.content,A.runtime,B.content comment,B.runtime commenttime FROM xh_article A left JOIN xh_comment B on B.articleID=A.ID  WHERE A.userid = '2012011'  [ RunTime:0.0010s ]

[ 2016-06-04T13:55:02+08:00 ] ::1 /thinkphp_3.2.3_full/XHBBS/Essay/publish
INFO: [ app_init ] --START--
INFO: Run Behavior\BuildLiteBehavior [ RunTime:0.000000s ]
INFO: [ app_init ] --END-- [ RunTime:0.001000s ]
INFO: [ app_begin ] --START--
INFO: Run Behavior\ReadHtmlCacheBehavior [ RunTime:0.002001s ]
INFO: [ app_begin ] --END-- [ RunTime:0.002001s ]
NOTIC: [8] A session had already been started - ignoring session_start() G:\xampp\htdocs\thinkphp_3.2.3_full\ThinkPHP\Common\functions.php 第 1263 行.

[ 2016-06-04T13:55:11+08:00 ] ::1 /thinkphp_3.2.3_full/XHBBS/Essay/publish
INFO: [ app_init ] --START--
INFO: Run Behavior\BuildLiteBehavior [ RunTime:0.000000s ]
INFO: [ app_init ] --END-- [ RunTime:0.001000s ]
INFO: [ app_begin ] --START--
INFO: Run Behavior\ReadHtmlCacheBehavior [ RunTime:0.001000s ]
INFO: [ app_begin ] --END-- [ RunTime:0.001000s ]
NOTIC: [8] A session had already been started - ignoring session_start() G:\xampp\htdocs\thinkphp_3.2.3_full\ThinkPHP\Common\functions.php 第 1263 行.
SQL: INSERT INTO `xh_article` (`userid`,`content`,`title`,`runtime`) VALUES ('2014011','zx','nytitle','16-06-04 01:55:10') [ RunTime:0.0310s ]
SQL: SELECT * FROM `xh_article` WHERE `userid` = '2014011' AND `content` = 'zx' AND `title` = 'nytitle' AND `runtime` = '16-06-04 01:55:10' LIMIT 1   [ RunTime:0.0020s ]

[ 2016-06-04T13:55:41+08:00 ] ::1 /thinkphp_3.2.3_full/XHBBS/Essay/publish
INFO: [ app_init ] --START--
INFO: Run Behavior\BuildLiteBehavior [ RunTime:0.000000s ]
INFO: [ app_init ] --END-- [ RunTime:0.001001s ]
INFO: [ app_begin ] --START--
INFO: Run Behavior\ReadHtmlCacheBehavior [ RunTime:0.002000s ]
INFO: [ app_begin ] --END-- [ RunTime:0.002000s ]
NOTIC: [8] A session had already been started - ignoring session_start() G:\xampp\htdocs\thinkphp_3.2.3_full\ThinkPHP\Common\functions.php 第 1263 行.
SQL: INSERT INTO `xh_article` (`userid`,`content`,`title`,`runtime`) VALUES ('2014011','zx','nytitle','16-06-04 01:55:41') [ RunTime:0.0330s ]
SQL: SELECT * FROM `xh_article` WHERE `userid` = '2014011' AND `content` = 'zx' AND `title` = 'nytitle' AND `runtime` = '16-06-04 01:55:41' LIMIT 1   [ RunTime:0.0010s ]

[ 2016-06-04T18:36:39+08:00 ] ::1 /thinkphp_3.2.3_full/XHBBS/Essay/publish
INFO: [ app_init ] --START--
INFO: Run Behavior\BuildLiteBehavior [ RunTime:0.000000s ]
INFO: [ app_init ] --END-- [ RunTime:0.001000s ]
INFO: [ app_begin ] --START--
INFO: Run Behavior\ReadHtmlCacheBehavior [ RunTime:0.001000s ]
INFO: [ app_begin ] --END-- [ RunTime:0.001000s ]
NOTIC: [8] A session had already been started - ignoring session_start() G:\xampp\htdocs\thinkphp_3.2.3_full\ThinkPHP\Common\functions.php 第 1263 行.

[ 2016-06-04T18:37:21+08:00 ] ::1 /thinkphp_3.2.3_full/XHBBS/Essay/publish
INFO: [ app_init ] --START--
INFO: Run Behavior\BuildLiteBehavior [ RunTime:0.000000s ]
INFO: [ app_init ] --END-- [ RunTime:0.001000s ]
INFO: [ app_begin ] --START--
INFO: Run Behavior\ReadHtmlCacheBehavior [ RunTime:0.002000s ]
INFO: [ app_begin ] --END-- [ RunTime:0.002000s ]
NOTIC: [8] A session had already been started - ignoring session_start() G:\xampp\htdocs\thinkphp_3.2.3_full\ThinkPHP\Common\functions.php 第 1263 行.

[ 2016-06-04T18:38:23+08:00 ] ::1 /thinkphp_3.2.3_full/XHBBS/Essay/publish
INFO: [ app_init ] --START--
INFO: Run Behavior\BuildLiteBehavior [ RunTime:0.000000s ]
INFO: [ app_init ] --END-- [ RunTime:0.000000s ]
INFO: [ app_begin ] --START--
INFO: Run Behavior\ReadHtmlCacheBehavior [ RunTime:0.001000s ]
INFO: [ app_begin ] --END-- [ RunTime:0.001000s ]
NOTIC: [8] A session had already been started - ignoring session_start() G:\xampp\htdocs\thinkphp_3.2.3_full\ThinkPHP\Common\functions.php 第 1263 行.

[ 2016-06-04T18:38:55+08:00 ] ::1 /thinkphp_3.2.3_full/XHBBS/Essay/publish
INFO: [ app_init ] --START--
INFO: Run Behavior\BuildLiteBehavior [ RunTime:0.000000s ]
INFO: [ app_init ] --END-- [ RunTime:0.001000s ]
INFO: [ app_begin ] --START--
INFO: Run Behavior\ReadHtmlCacheBehavior [ RunTime:0.002000s ]
INFO: [ app_begin ] --END-- [ RunTime:0.002000s ]
NOTIC: [8] A session had already been started - ignoring session_start() G:\xampp\htdocs\thinkphp_3.2.3_full\ThinkPHP\Common\functions.php 第 1263 行.
SQL: INSERT INTO `xh_article` (`userid`,`content`,`title`,`runtime`) VALUES ('2014011','zx','nytitle','16-06-04 06:38:55') [ RunTime:0.1220s ]
SQL: SELECT * FROM `xh_article` WHERE `userid` = '2014011' AND `content` = 'zx' AND `title` = 'nytitle' AND `runtime` = '16-06-04 06:38:55' LIMIT 1   [ RunTime:0.0010s ]

[ 2016-06-04T18:39:49+08:00 ] ::1 /thinkphp_3.2.3_full/XHBBS/Essay/publish
INFO: [ app_init ] --START--
INFO: Run Behavior\BuildLiteBehavior [ RunTime:0.000000s ]
INFO: [ app_init ] --END-- [ RunTime:0.001000s ]
INFO: [ app_begin ] --START--
INFO: Run Behavior\ReadHtmlCacheBehavior [ RunTime:0.001000s ]
INFO: [ app_begin ] --END-- [ RunTime:0.002000s ]
NOTIC: [8] A session had already been started - ignoring session_start() G:\xampp\htdocs\thinkphp_3.2.3_full\ThinkPHP\Common\functions.php 第 1263 行.
SQL: INSERT INTO `xh_article` (`userid`,`content`,`title`,`runtime`) VALUES ('2014011','zx','nytitle','16-06-04 06:39:49') [ RunTime:0.0300s ]
SQL: SELECT * FROM `xh_article` WHERE `userid` = '2014011' AND `content` = 'zx' AND `title` = 'nytitle' AND `runtime` = '16-06-04 06:39:49' LIMIT 1   [ RunTime:0.0020s ]

[ 2016-06-04T18:43:28+08:00 ] ::1 /thinkphp_3.2.3_full/XHBBS/Essay/publish
INFO: [ app_init ] --START--
INFO: Run Behavior\BuildLiteBehavior [ RunTime:0.000000s ]
INFO: [ app_init ] --END-- [ RunTime:0.001000s ]
INFO: [ app_begin ] --START--
INFO: Run Behavior\ReadHtmlCacheBehavior [ RunTime:0.001000s ]
INFO: [ app_begin ] --END-- [ RunTime:0.001000s ]
NOTIC: [8] A session had already been started - ignoring session_start() G:\xampp\htdocs\thinkphp_3.2.3_full\ThinkPHP\Common\functions.php 第 1263 行.

[ 2016-06-04T22:24:05+08:00 ] ::1 /thinkphp_3.2.3_full/XHBBS/Essay/comment
INFO: [ app_init ] --START--
INFO: Run Behavior\BuildLiteBehavior [ RunTime:0.000000s ]
INFO: [ app_init ] --END-- [ RunTime:0.001000s ]
INFO: [ app_begin ] --START--
INFO: Run Behavior\ReadHtmlCacheBehavior [ RunTime:0.001000s ]
INFO: [ app_begin ] --END-- [ RunTime:0.001000s ]
NOTIC: [8] A session had already been started - ignoring session_start() G:\xampp\htdocs\thinkphp_3.2.3_full\ThinkPHP\Common\functions.php 第 1263 行.

[ 2016-06-04T22:24:34+08:00 ] ::1 /thinkphp_3.2.3_full/XHBBS/Essay/comment
INFO: [ app_init ] --START--
INFO: Run Behavior\BuildLiteBehavior [ RunTime:0.000000s ]
INFO: [ app_init ] --END-- [ RunTime:0.001000s ]
INFO: [ app_begin ] --START--
INFO: Run Behavior\ReadHtmlCacheBehavior [ RunTime:0.001000s ]
INFO: [ app_begin ] --END-- [ RunTime:0.001000s ]
NOTIC: [8] A session had already been started - ignoring session_start() G:\xampp\htdocs\thinkphp_3.2.3_full\ThinkPHP\Common\functions.php 第 1263 行.
NOTIC: [8] Undefined offset: 100002 G:\xampp\htdocs\thinkphp_3.2.3_full\Api\XHBBS\Controller\EssayController.class.php 第 149 行.

[ 2016-06-04T22:25:07+08:00 ] ::1 /thinkphp_3.2.3_full/XHBBS/Essay/comment
INFO: [ app_init ] --START--
INFO: Run Behavior\BuildLiteBehavior [ RunTime:0.000000s ]
INFO: [ app_init ] --END-- [ RunTime:0.002000s ]
INFO: [ app_begin ] --START--
INFO: Run Behavior\ReadHtmlCacheBehavior [ RunTime:0.002000s ]
INFO: [ app_begin ] --END-- [ RunTime:0.002000s ]
NOTIC: [8] A session had already been started - ignoring session_start() G:\xampp\htdocs\thinkphp_3.2.3_full\ThinkPHP\Common\functions.php 第 1263 行.
SQL: INSERT INTO `xh_comment` (`articleID`,`userid`,`content`,`runtime`) VALUES ('6','2014011','noproblem','2016-06-04 10:25:07') [ RunTime:0.0310s ]

[ 2016-06-04T22:25:32+08:00 ] ::1 /thinkphp_3.2.3_full/XHBBS/Essay/getArticle
INFO: [ app_init ] --START--
INFO: Run Behavior\BuildLiteBehavior [ RunTime:0.000000s ]
INFO: [ app_init ] --END-- [ RunTime:0.001000s ]
INFO: [ app_begin ] --START--
INFO: Run Behavior\ReadHtmlCacheBehavior [ RunTime:0.001000s ]
INFO: [ app_begin ] --END-- [ RunTime:0.001000s ]
NOTIC: [8] A session had already been started - ignoring session_start() G:\xampp\htdocs\thinkphp_3.2.3_full\ThinkPHP\Common\functions.php 第 1263 行.
SQL: SHOW COLUMNS FROM `xh_article` [ RunTime:0.0050s ]
SQL: SELECT A.ID,A.title,A.userid,A.content,A.runtime,B.content comment,B.runtime commenttime FROM xh_article A left JOIN xh_comment B on B.articleID=A.ID  WHERE A.userid = '2014011'  [ RunTime:0.0410s ]

[ 2016-06-04T22:26:10+08:00 ] ::1 /thinkphp_3.2.3_full/XHBBS/Essay/getArticle
INFO: [ app_init ] --START--
INFO: Run Behavior\BuildLiteBehavior [ RunTime:0.000000s ]
INFO: [ app_init ] --END-- [ RunTime:0.001000s ]
INFO: [ app_begin ] --START--
INFO: Run Behavior\ReadHtmlCacheBehavior [ RunTime:0.001000s ]
INFO: [ app_begin ] --END-- [ RunTime:0.001000s ]
NOTIC: [8] A session had already been started - ignoring session_start() G:\xampp\htdocs\thinkphp_3.2.3_full\ThinkPHP\Common\functions.php 第 1263 行.
NOTIC: [8] Undefined variable: map G:\xampp\htdocs\thinkphp_3.2.3_full\Api\XHBBS\Controller\EssayController.class.php 第 32 行.
SQL: SHOW COLUMNS FROM `xh_article` [ RunTime:0.0050s ]
SQL: SELECT A.ID,A.title,A.userid,A.content,A.runtime,B.content comment,B.runtime commenttime FROM xh_article A left JOIN xh_comment B on B.articleID=A.ID   [ RunTime:0.0270s ]

[ 2016-06-04T22:26:43+08:00 ] ::1 /thinkphp_3.2.3_full/XHBBS/Essay/comment
INFO: [ app_init ] --START--
INFO: Run Behavior\BuildLiteBehavior [ RunTime:0.000000s ]
INFO: [ app_init ] --END-- [ RunTime:0.000000s ]
INFO: [ app_begin ] --START--
INFO: Run Behavior\ReadHtmlCacheBehavior [ RunTime:0.001000s ]
INFO: [ app_begin ] --END-- [ RunTime:0.001000s ]
NOTIC: [8] A session had already been started - ignoring session_start() G:\xampp\htdocs\thinkphp_3.2.3_full\ThinkPHP\Common\functions.php 第 1263 行.
SQL: INSERT INTO `xh_comment` (`articleID`,`userid`,`content`,`runtime`) VALUES ('7','2014011','noproblem','2016-06-04 10:26:43') [ RunTime:0.0530s ]

[ 2016-06-04T22:26:50+08:00 ] ::1 /thinkphp_3.2.3_full/XHBBS/Essay/getArticle
INFO: [ app_init ] --START--
INFO: Run Behavior\BuildLiteBehavior [ RunTime:0.000000s ]
INFO: [ app_init ] --END-- [ RunTime:0.001000s ]
INFO: [ app_begin ] --START--
INFO: Run Behavior\ReadHtmlCacheBehavior [ RunTime:0.002000s ]
INFO: [ app_begin ] --END-- [ RunTime:0.002000s ]
NOTIC: [8] A session had already been started - ignoring session_start() G:\xampp\htdocs\thinkphp_3.2.3_full\ThinkPHP\Common\functions.php 第 1263 行.
NOTIC: [8] Undefined variable: map G:\xampp\htdocs\thinkphp_3.2.3_full\Api\XHBBS\Controller\EssayController.class.php 第 32 行.
SQL: SHOW COLUMNS FROM `xh_article` [ RunTime:0.0060s ]
SQL: SELECT A.ID,A.title,A.userid,A.content,A.runtime,B.content comment,B.runtime commenttime FROM xh_article A left JOIN xh_comment B on B.articleID=A.ID   [ RunTime:0.0010s ]

[ 2016-06-04T22:40:52+08:00 ] ::1 /thinkphp_3.2.3_full/XHBBS/Essay/getcOMMENT
INFO: [ app_init ] --START--
INFO: Run Behavior\BuildLiteBehavior [ RunTime:0.000000s ]
INFO: [ app_init ] --END-- [ RunTime:0.001000s ]
INFO: [ app_begin ] --START--
INFO: Run Behavior\ReadHtmlCacheBehavior [ RunTime:0.001000s ]
INFO: [ app_begin ] --END-- [ RunTime:0.001000s ]
NOTIC: [8] A session had already been started - ignoring session_start() G:\xampp\htdocs\thinkphp_3.2.3_full\ThinkPHP\Common\functions.php 第 1263 行.
SQL: SELECT * FROM `xh_comment` WHERE `articleID` = 6  [ RunTime:0.0010s ]

[ 2016-06-04T22:41:04+08:00 ] ::1 /thinkphp_3.2.3_full/XHBBS/Essay/getcOMMENT
INFO: [ app_init ] --START--
INFO: Run Behavior\BuildLiteBehavior [ RunTime:0.001000s ]
INFO: [ app_init ] --END-- [ RunTime:0.001000s ]
INFO: [ app_begin ] --START--
INFO: Run Behavior\ReadHtmlCacheBehavior [ RunTime:0.002000s ]
INFO: [ app_begin ] --END-- [ RunTime:0.002000s ]
NOTIC: [8] A session had already been started - ignoring session_start() G:\xampp\htdocs\thinkphp_3.2.3_full\ThinkPHP\Common\functions.php 第 1263 行.
SQL: SELECT * FROM `xh_comment` WHERE `articleID` = 7  [ RunTime:0.0000s ]

[ 2016-06-04T22:41:24+08:00 ] ::1 /thinkphp_3.2.3_full/XHBBS/Essay/comment
INFO: [ app_init ] --START--
INFO: Run Behavior\BuildLiteBehavior [ RunTime:0.000000s ]
INFO: [ app_init ] --END-- [ RunTime:0.001000s ]
INFO: [ app_begin ] --START--
INFO: Run Behavior\ReadHtmlCacheBehavior [ RunTime:0.002000s ]
INFO: [ app_begin ] --END-- [ RunTime:0.002000s ]
NOTIC: [8] A session had already been started - ignoring session_start() G:\xampp\htdocs\thinkphp_3.2.3_full\ThinkPHP\Common\functions.php 第 1263 行.
SQL: INSERT INTO `xh_comment` (`articleID`,`userid`,`content`,`runtime`) VALUES ('7','2014011','noproblem','2016-06-04 10:41:24') [ RunTime:0.0020s ]

[ 2016-06-04T22:41:39+08:00 ] ::1 /thinkphp_3.2.3_full/XHBBS/Essay/getcOMMENT
INFO: [ app_init ] --START--
INFO: Run Behavior\BuildLiteBehavior [ RunTime:0.000000s ]
INFO: [ app_init ] --END-- [ RunTime:0.001000s ]
INFO: [ app_begin ] --START--
INFO: Run Behavior\ReadHtmlCacheBehavior [ RunTime:0.002000s ]
INFO: [ app_begin ] --END-- [ RunTime:0.002000s ]
NOTIC: [8] A session had already been started - ignoring session_start() G:\xampp\htdocs\thinkphp_3.2.3_full\ThinkPHP\Common\functions.php 第 1263 行.
SQL: SELECT * FROM `xh_comment` WHERE `articleID` = 7  [ RunTime:0.0010s ]

