[ 2016-06-04T13:10:47+08:00 ] ::1 /thinkphp_3.2.3_full/index.php/auth/login/checklogin?username=%27zx%27
INFO: [ app_init ] --START--
INFO: Run Behavior\BuildLiteBehavior [ RunTime:0.000000s ]
INFO: [ app_init ] --END-- [ RunTime:0.051003s ]
INFO: [ app_begin ] --START--
INFO: Run Behavior\ReadHtmlCacheBehavior [ RunTime:0.003000s ]
INFO: [ app_begin ] --END-- [ RunTime:0.003000s ]
NOTIC: [8] A session had already been started - ignoring session_start() G:\xampp\htdocs\thinkphp_3.2.3_full\ThinkPHP\Common\functions.php 第 1263 行.
NOTIC: [2048] Declaration of Auth\Controller\LoginController::get() should be compatible with Think\Controller::get($name = '') G:\xampp\htdocs\thinkphp_3.2.3_full\Api\Auth\Controller\LoginController.class.php 第 60 行.
SQL: SELECT * FROM `xh_user` WHERE ( userid='2012011' and pwd='0192023a7bbd73250516f069df18b500' )  [ RunTime:0.0010s ]

[ 2016-06-04T13:11:25+08:00 ] ::1 /thinkphp_3.2.3_full/index.php/auth/Register/doRegister
INFO: [ app_init ] --START--
INFO: Run Behavior\BuildLiteBehavior [ RunTime:0.000000s ]
INFO: [ app_init ] --END-- [ RunTime:0.001000s ]
INFO: [ app_begin ] --START--
INFO: Run Behavior\ReadHtmlCacheBehavior [ RunTime:0.002000s ]
INFO: [ app_begin ] --END-- [ RunTime:0.002000s ]
NOTIC: [8] A session had already been started - ignoring session_start() G:\xampp\htdocs\thinkphp_3.2.3_full\ThinkPHP\Common\functions.php 第 1263 行.
SQL: SELECT * FROM `xh_user` WHERE ( UserID=2012011 )  [ RunTime:0.0010s ]

[ 2016-06-04T13:11:48+08:00 ] ::1 /thinkphp_3.2.3_full/index.php/auth/Register/doRegister
INFO: [ app_init ] --START--
INFO: Run Behavior\BuildLiteBehavior [ RunTime:0.000000s ]
INFO: [ app_init ] --END-- [ RunTime:0.001000s ]
INFO: [ app_begin ] --START--
INFO: Run Behavior\ReadHtmlCacheBehavior [ RunTime:0.001000s ]
INFO: [ app_begin ] --END-- [ RunTime:0.001000s ]
NOTIC: [8] A session had already been started - ignoring session_start() G:\xampp\htdocs\thinkphp_3.2.3_full\ThinkPHP\Common\functions.php 第 1263 行.
SQL: SELECT * FROM `xh_user` WHERE ( UserID=2012011 )  [ RunTime:0.0010s ]

[ 2016-06-04T13:12:11+08:00 ] ::1 /thinkphp_3.2.3_full/index.php/auth/Register/doRegister
INFO: [ app_init ] --START--
INFO: Run Behavior\BuildLiteBehavior [ RunTime:0.000000s ]
INFO: [ app_init ] --END-- [ RunTime:0.006000s ]
INFO: [ app_begin ] --START--
INFO: Run Behavior\ReadHtmlCacheBehavior [ RunTime:0.002000s ]
INFO: [ app_begin ] --END-- [ RunTime:0.002000s ]
NOTIC: [8] A session had already been started - ignoring session_start() G:\xampp\htdocs\thinkphp_3.2.3_full\ThinkPHP\Common\functions.php 第 1263 行.
SQL: SELECT * FROM `xh_user` WHERE ( UserID=2014011 )  [ RunTime:0.0010s ]
SQL: INSERT INTO `xh_user` (`UserID`,`username`,`pwd`,`runtime`,`imageurl`) VALUES ('2014011','zx','0192023a7bbd73250516f069df18b500','16-06-04 01:12:11','http://placehold.it/100x100') [ RunTime:0.0300s ]

[ 2016-06-04T13:12:34+08:00 ] ::1 /thinkphp_3.2.3_full/index.php/auth/login/checklogin?username=%27zx%27
INFO: [ app_init ] --START--
INFO: Run Behavior\BuildLiteBehavior [ RunTime:0.000000s ]
INFO: [ app_init ] --END-- [ RunTime:0.001000s ]
INFO: [ app_begin ] --START--
INFO: Run Behavior\ReadHtmlCacheBehavior [ RunTime:0.002000s ]
INFO: [ app_begin ] --END-- [ RunTime:0.003000s ]
NOTIC: [8] A session had already been started - ignoring session_start() G:\xampp\htdocs\thinkphp_3.2.3_full\ThinkPHP\Common\functions.php 第 1263 行.
NOTIC: [2048] Declaration of Auth\Controller\LoginController::get() should be compatible with Think\Controller::get($name = '') G:\xampp\htdocs\thinkphp_3.2.3_full\Api\Auth\Controller\LoginController.class.php 第 60 行.
SQL: SELECT * FROM `xh_user` WHERE ( userid='2014011' and pwd='0192023a7bbd73250516f069df18b500' )  [ RunTime:0.0010s ]

[ 2016-06-04T13:53:45+08:00 ] ::1 /thinkphp_3.2.3_full/index.php/auth/login/logout
INFO: [ app_init ] --START--
INFO: Run Behavior\BuildLiteBehavior [ RunTime:0.000000s ]
INFO: [ app_init ] --END-- [ RunTime:0.000000s ]
INFO: [ app_begin ] --START--
INFO: Run Behavior\ReadHtmlCacheBehavior [ RunTime:0.002000s ]
INFO: [ app_begin ] --END-- [ RunTime:0.002000s ]
NOTIC: [8] A session had already been started - ignoring session_start() G:\xampp\htdocs\thinkphp_3.2.3_full\ThinkPHP\Common\functions.php 第 1263 行.

[ 2016-06-04T13:54:12+08:00 ] ::1 /thinkphp_3.2.3_full/index.php/auth/login/logout
INFO: [ app_init ] --START--
INFO: Run Behavior\BuildLiteBehavior [ RunTime:0.000000s ]
INFO: [ app_init ] --END-- [ RunTime:0.001000s ]
INFO: [ app_begin ] --START--
INFO: Run Behavior\ReadHtmlCacheBehavior [ RunTime:0.002000s ]
INFO: [ app_begin ] --END-- [ RunTime:0.002000s ]
NOTIC: [8] A session had already been started - ignoring session_start() G:\xampp\htdocs\thinkphp_3.2.3_full\ThinkPHP\Common\functions.php 第 1263 行.
NOTIC: [2048] Declaration of Auth\Controller\LoginController::get() should be compatible with Think\Controller::get($name = '') G:\xampp\htdocs\thinkphp_3.2.3_full\Api\Auth\Controller\LoginController.class.php 第 79 行.
NOTIC: [8] Use of undefined constant userid - assumed 'userid' G:\xampp\htdocs\thinkphp_3.2.3_full\Api\Auth\Controller\LoginController.class.php 第 64 行.

[ 2016-06-04T13:54:14+08:00 ] ::1 /thinkphp_3.2.3_full/index.php/auth/login/logout
INFO: [ app_init ] --START--
INFO: Run Behavior\BuildLiteBehavior [ RunTime:0.000000s ]
INFO: [ app_init ] --END-- [ RunTime:0.001000s ]
INFO: [ app_begin ] --START--
INFO: Run Behavior\ReadHtmlCacheBehavior [ RunTime:0.002001s ]
INFO: [ app_begin ] --END-- [ RunTime:0.002001s ]
NOTIC: [8] A session had already been started - ignoring session_start() G:\xampp\htdocs\thinkphp_3.2.3_full\ThinkPHP\Common\functions.php 第 1263 行.
NOTIC: [2048] Declaration of Auth\Controller\LoginController::get() should be compatible with Think\Controller::get($name = '') G:\xampp\htdocs\thinkphp_3.2.3_full\Api\Auth\Controller\LoginController.class.php 第 79 行.
NOTIC: [8] Use of undefined constant userid - assumed 'userid' G:\xampp\htdocs\thinkphp_3.2.3_full\Api\Auth\Controller\LoginController.class.php 第 64 行.

[ 2016-06-04T13:54:15+08:00 ] ::1 /thinkphp_3.2.3_full/index.php/auth/login/logout
INFO: [ app_init ] --START--
INFO: Run Behavior\BuildLiteBehavior [ RunTime:0.000000s ]
INFO: [ app_init ] --END-- [ RunTime:0.001000s ]
INFO: [ app_begin ] --START--
INFO: Run Behavior\ReadHtmlCacheBehavior [ RunTime:0.002001s ]
INFO: [ app_begin ] --END-- [ RunTime:0.002001s ]
NOTIC: [8] A session had already been started - ignoring session_start() G:\xampp\htdocs\thinkphp_3.2.3_full\ThinkPHP\Common\functions.php 第 1263 行.
NOTIC: [2048] Declaration of Auth\Controller\LoginController::get() should be compatible with Think\Controller::get($name = '') G:\xampp\htdocs\thinkphp_3.2.3_full\Api\Auth\Controller\LoginController.class.php 第 79 行.
NOTIC: [8] Use of undefined constant userid - assumed 'userid' G:\xampp\htdocs\thinkphp_3.2.3_full\Api\Auth\Controller\LoginController.class.php 第 64 行.

[ 2016-06-04T13:54:15+08:00 ] ::1 /thinkphp_3.2.3_full/index.php/auth/login/logout
INFO: [ app_init ] --START--
INFO: Run Behavior\BuildLiteBehavior [ RunTime:0.000000s ]
INFO: [ app_init ] --END-- [ RunTime:0.001000s ]
INFO: [ app_begin ] --START--
INFO: Run Behavior\ReadHtmlCacheBehavior [ RunTime:0.001000s ]
INFO: [ app_begin ] --END-- [ RunTime:0.002000s ]
NOTIC: [8] A session had already been started - ignoring session_start() G:\xampp\htdocs\thinkphp_3.2.3_full\ThinkPHP\Common\functions.php 第 1263 行.
NOTIC: [2048] Declaration of Auth\Controller\LoginController::get() should be compatible with Think\Controller::get($name = '') G:\xampp\htdocs\thinkphp_3.2.3_full\Api\Auth\Controller\LoginController.class.php 第 79 行.
NOTIC: [8] Use of undefined constant userid - assumed 'userid' G:\xampp\htdocs\thinkphp_3.2.3_full\Api\Auth\Controller\LoginController.class.php 第 64 行.

[ 2016-06-04T13:55:34+08:00 ] ::1 /thinkphp_3.2.3_full/index.php/auth/login/logout
INFO: [ app_init ] --START--
INFO: Run Behavior\BuildLiteBehavior [ RunTime:0.001000s ]
INFO: [ app_init ] --END-- [ RunTime:0.001000s ]
INFO: [ app_begin ] --START--
INFO: Run Behavior\ReadHtmlCacheBehavior [ RunTime:0.002000s ]
INFO: [ app_begin ] --END-- [ RunTime:0.002000s ]
NOTIC: [8] A session had already been started - ignoring session_start() G:\xampp\htdocs\thinkphp_3.2.3_full\ThinkPHP\Common\functions.php 第 1263 行.
NOTIC: [2048] Declaration of Auth\Controller\LoginController::get() should be compatible with Think\Controller::get($name = '') G:\xampp\htdocs\thinkphp_3.2.3_full\Api\Auth\Controller\LoginController.class.php 第 79 行.
NOTIC: [8] Use of undefined constant userid - assumed 'userid' G:\xampp\htdocs\thinkphp_3.2.3_full\Api\Auth\Controller\LoginController.class.php 第 64 行.

[ 2016-06-04T18:30:38+08:00 ] ::1 /thinkphp_3.2.3_full/index.php/auth/login/logout
INFO: [ app_init ] --START--
INFO: Run Behavior\BuildLiteBehavior [ RunTime:0.000000s ]
INFO: [ app_init ] --END-- [ RunTime:0.002001s ]
INFO: [ app_begin ] --START--
INFO: Run Behavior\ReadHtmlCacheBehavior [ RunTime:0.001000s ]
INFO: [ app_begin ] --END-- [ RunTime:0.001000s ]
NOTIC: [8] A session had already been started - ignoring session_start() G:\xampp\htdocs\thinkphp_3.2.3_full\ThinkPHP\Common\functions.php 第 1263 行.
NOTIC: [2048] Declaration of Auth\Controller\LoginController::get() should be compatible with Think\Controller::get($name = '') G:\xampp\htdocs\thinkphp_3.2.3_full\Api\Auth\Controller\LoginController.class.php 第 80 行.

[ 2016-06-04T18:32:04+08:00 ] ::1 /thinkphp_3.2.3_full/index.php/auth/login/checklogin?username=%27zx%27
INFO: [ app_init ] --START--
INFO: Run Behavior\BuildLiteBehavior [ RunTime:0.000000s ]
INFO: [ app_init ] --END-- [ RunTime:0.001000s ]
INFO: [ app_begin ] --START--
INFO: Run Behavior\ReadHtmlCacheBehavior [ RunTime:0.002000s ]
INFO: [ app_begin ] --END-- [ RunTime:0.002000s ]
NOTIC: [8] A session had already been started - ignoring session_start() G:\xampp\htdocs\thinkphp_3.2.3_full\ThinkPHP\Common\functions.php 第 1263 行.
NOTIC: [2048] Declaration of Auth\Controller\LoginController::get() should be compatible with Think\Controller::get($name = '') G:\xampp\htdocs\thinkphp_3.2.3_full\Api\Auth\Controller\LoginController.class.php 第 80 行.
SQL: SELECT * FROM `xh_user` WHERE ( userid='2014011' and pwd='0192023a7bbd73250516f069df18b500' )  [ RunTime:0.1570s ]

[ 2016-06-04T18:32:12+08:00 ] ::1 /thinkphp_3.2.3_full/index.php/auth/login/logout
INFO: [ app_init ] --START--
INFO: Run Behavior\BuildLiteBehavior [ RunTime:0.000000s ]
INFO: [ app_init ] --END-- [ RunTime:0.001000s ]
INFO: [ app_begin ] --START--
INFO: Run Behavior\ReadHtmlCacheBehavior [ RunTime:0.002000s ]
INFO: [ app_begin ] --END-- [ RunTime:0.003000s ]
NOTIC: [8] A session had already been started - ignoring session_start() G:\xampp\htdocs\thinkphp_3.2.3_full\ThinkPHP\Common\functions.php 第 1263 行.
NOTIC: [2048] Declaration of Auth\Controller\LoginController::get() should be compatible with Think\Controller::get($name = '') G:\xampp\htdocs\thinkphp_3.2.3_full\Api\Auth\Controller\LoginController.class.php 第 80 行.
NOTIC: [8] Use of undefined constant userid - assumed 'userid' G:\xampp\htdocs\thinkphp_3.2.3_full\Api\Auth\Controller\LoginController.class.php 第 65 行.

[ 2016-06-04T18:32:16+08:00 ] ::1 /thinkphp_3.2.3_full/index.php/auth/login/logout
INFO: [ app_init ] --START--
INFO: Run Behavior\BuildLiteBehavior [ RunTime:0.000000s ]
INFO: [ app_init ] --END-- [ RunTime:0.001000s ]
INFO: [ app_begin ] --START--
INFO: Run Behavior\ReadHtmlCacheBehavior [ RunTime:0.002000s ]
INFO: [ app_begin ] --END-- [ RunTime:0.002000s ]
NOTIC: [8] A session had already been started - ignoring session_start() G:\xampp\htdocs\thinkphp_3.2.3_full\ThinkPHP\Common\functions.php 第 1263 行.
NOTIC: [2048] Declaration of Auth\Controller\LoginController::get() should be compatible with Think\Controller::get($name = '') G:\xampp\htdocs\thinkphp_3.2.3_full\Api\Auth\Controller\LoginController.class.php 第 80 行.
NOTIC: [8] Use of undefined constant userid - assumed 'userid' G:\xampp\htdocs\thinkphp_3.2.3_full\Api\Auth\Controller\LoginController.class.php 第 65 行.

[ 2016-06-04T18:35:15+08:00 ] ::1 /thinkphp_3.2.3_full/index.php/auth/login/logout
INFO: [ app_init ] --START--
INFO: Run Behavior\BuildLiteBehavior [ RunTime:0.000000s ]
INFO: [ app_init ] --END-- [ RunTime:0.000000s ]
INFO: [ app_begin ] --START--
INFO: Run Behavior\ReadHtmlCacheBehavior [ RunTime:0.002000s ]
INFO: [ app_begin ] --END-- [ RunTime:0.002000s ]
NOTIC: [8] A session had already been started - ignoring session_start() G:\xampp\htdocs\thinkphp_3.2.3_full\ThinkPHP\Common\functions.php 第 1263 行.
NOTIC: [2048] Declaration of Auth\Controller\LoginController::get() should be compatible with Think\Controller::get($name = '') G:\xampp\htdocs\thinkphp_3.2.3_full\Api\Auth\Controller\LoginController.class.php 第 80 行.

[ 2016-06-04T18:35:18+08:00 ] ::1 /thinkphp_3.2.3_full/index.php/auth/login/logout
INFO: [ app_init ] --START--
INFO: Run Behavior\BuildLiteBehavior [ RunTime:0.000000s ]
INFO: [ app_init ] --END-- [ RunTime:0.001000s ]
INFO: [ app_begin ] --START--
INFO: Run Behavior\ReadHtmlCacheBehavior [ RunTime:0.001000s ]
INFO: [ app_begin ] --END-- [ RunTime:0.001000s ]
NOTIC: [8] A session had already been started - ignoring session_start() G:\xampp\htdocs\thinkphp_3.2.3_full\ThinkPHP\Common\functions.php 第 1263 行.
NOTIC: [2048] Declaration of Auth\Controller\LoginController::get() should be compatible with Think\Controller::get($name = '') G:\xampp\htdocs\thinkphp_3.2.3_full\Api\Auth\Controller\LoginController.class.php 第 80 行.

[ 2016-06-04T18:35:20+08:00 ] ::1 /thinkphp_3.2.3_full/index.php/auth/login/logout
INFO: [ app_init ] --START--
INFO: Run Behavior\BuildLiteBehavior [ RunTime:0.000000s ]
INFO: [ app_init ] --END-- [ RunTime:0.001000s ]
INFO: [ app_begin ] --START--
INFO: Run Behavior\ReadHtmlCacheBehavior [ RunTime:0.002000s ]
INFO: [ app_begin ] --END-- [ RunTime:0.002000s ]
NOTIC: [8] A session had already been started - ignoring session_start() G:\xampp\htdocs\thinkphp_3.2.3_full\ThinkPHP\Common\functions.php 第 1263 行.
NOTIC: [2048] Declaration of Auth\Controller\LoginController::get() should be compatible with Think\Controller::get($name = '') G:\xampp\htdocs\thinkphp_3.2.3_full\Api\Auth\Controller\LoginController.class.php 第 80 行.

[ 2016-06-04T18:35:25+08:00 ] ::1 /thinkphp_3.2.3_full/index.php/auth/login/logout
INFO: [ app_init ] --START--
INFO: Run Behavior\BuildLiteBehavior [ RunTime:0.000000s ]
INFO: [ app_init ] --END-- [ RunTime:0.000000s ]
INFO: [ app_begin ] --START--
INFO: Run Behavior\ReadHtmlCacheBehavior [ RunTime:0.002000s ]
INFO: [ app_begin ] --END-- [ RunTime:0.002000s ]
NOTIC: [8] A session had already been started - ignoring session_start() G:\xampp\htdocs\thinkphp_3.2.3_full\ThinkPHP\Common\functions.php 第 1263 行.
NOTIC: [2048] Declaration of Auth\Controller\LoginController::get() should be compatible with Think\Controller::get($name = '') G:\xampp\htdocs\thinkphp_3.2.3_full\Api\Auth\Controller\LoginController.class.php 第 80 行.

[ 2016-06-04T18:35:26+08:00 ] ::1 /thinkphp_3.2.3_full/index.php/auth/login/logout
INFO: [ app_init ] --START--
INFO: Run Behavior\BuildLiteBehavior [ RunTime:0.000000s ]
INFO: [ app_init ] --END-- [ RunTime:0.000000s ]
INFO: [ app_begin ] --START--
INFO: Run Behavior\ReadHtmlCacheBehavior [ RunTime:0.003000s ]
INFO: [ app_begin ] --END-- [ RunTime:0.003000s ]
NOTIC: [8] A session had already been started - ignoring session_start() G:\xampp\htdocs\thinkphp_3.2.3_full\ThinkPHP\Common\functions.php 第 1263 行.
NOTIC: [2048] Declaration of Auth\Controller\LoginController::get() should be compatible with Think\Controller::get($name = '') G:\xampp\htdocs\thinkphp_3.2.3_full\Api\Auth\Controller\LoginController.class.php 第 80 行.

[ 2016-06-04T18:35:26+08:00 ] ::1 /thinkphp_3.2.3_full/index.php/auth/login/logout
INFO: [ app_init ] --START--
INFO: Run Behavior\BuildLiteBehavior [ RunTime:0.000000s ]
INFO: [ app_init ] --END-- [ RunTime:0.000000s ]
INFO: [ app_begin ] --START--
INFO: Run Behavior\ReadHtmlCacheBehavior [ RunTime:0.002000s ]
INFO: [ app_begin ] --END-- [ RunTime:0.002000s ]
NOTIC: [8] A session had already been started - ignoring session_start() G:\xampp\htdocs\thinkphp_3.2.3_full\ThinkPHP\Common\functions.php 第 1263 行.
NOTIC: [2048] Declaration of Auth\Controller\LoginController::get() should be compatible with Think\Controller::get($name = '') G:\xampp\htdocs\thinkphp_3.2.3_full\Api\Auth\Controller\LoginController.class.php 第 80 行.

[ 2016-06-04T18:35:27+08:00 ] ::1 /thinkphp_3.2.3_full/index.php/auth/login/logout
INFO: [ app_init ] --START--
INFO: Run Behavior\BuildLiteBehavior [ RunTime:0.000000s ]
INFO: [ app_init ] --END-- [ RunTime:0.000000s ]
INFO: [ app_begin ] --START--
INFO: Run Behavior\ReadHtmlCacheBehavior [ RunTime:0.001000s ]
INFO: [ app_begin ] --END-- [ RunTime:0.001000s ]
NOTIC: [8] A session had already been started - ignoring session_start() G:\xampp\htdocs\thinkphp_3.2.3_full\ThinkPHP\Common\functions.php 第 1263 行.
NOTIC: [2048] Declaration of Auth\Controller\LoginController::get() should be compatible with Think\Controller::get($name = '') G:\xampp\htdocs\thinkphp_3.2.3_full\Api\Auth\Controller\LoginController.class.php 第 80 行.

[ 2016-06-04T18:35:58+08:00 ] ::1 /thinkphp_3.2.3_full/index.php/auth/login/logout
INFO: [ app_init ] --START--
INFO: Run Behavior\BuildLiteBehavior [ RunTime:0.000000s ]
INFO: [ app_init ] --END-- [ RunTime:0.001000s ]
INFO: [ app_begin ] --START--
INFO: Run Behavior\ReadHtmlCacheBehavior [ RunTime:0.001000s ]
INFO: [ app_begin ] --END-- [ RunTime:0.001000s ]
NOTIC: [8] A session had already been started - ignoring session_start() G:\xampp\htdocs\thinkphp_3.2.3_full\ThinkPHP\Common\functions.php 第 1263 行.
NOTIC: [2048] Declaration of Auth\Controller\LoginController::get() should be compatible with Think\Controller::get($name = '') G:\xampp\htdocs\thinkphp_3.2.3_full\Api\Auth\Controller\LoginController.class.php 第 82 行.

[ 2016-06-04T18:35:59+08:00 ] ::1 /thinkphp_3.2.3_full/index.php/auth/login/logout
INFO: [ app_init ] --START--
INFO: Run Behavior\BuildLiteBehavior [ RunTime:0.000000s ]
INFO: [ app_init ] --END-- [ RunTime:0.001000s ]
INFO: [ app_begin ] --START--
INFO: Run Behavior\ReadHtmlCacheBehavior [ RunTime:0.001000s ]
INFO: [ app_begin ] --END-- [ RunTime:0.001000s ]
NOTIC: [8] A session had already been started - ignoring session_start() G:\xampp\htdocs\thinkphp_3.2.3_full\ThinkPHP\Common\functions.php 第 1263 行.
NOTIC: [2048] Declaration of Auth\Controller\LoginController::get() should be compatible with Think\Controller::get($name = '') G:\xampp\htdocs\thinkphp_3.2.3_full\Api\Auth\Controller\LoginController.class.php 第 82 行.

[ 2016-06-04T18:36:00+08:00 ] ::1 /thinkphp_3.2.3_full/index.php/auth/login/logout
INFO: [ app_init ] --START--
INFO: Run Behavior\BuildLiteBehavior [ RunTime:0.000000s ]
INFO: [ app_init ] --END-- [ RunTime:0.001000s ]
INFO: [ app_begin ] --START--
INFO: Run Behavior\ReadHtmlCacheBehavior [ RunTime:0.002000s ]
INFO: [ app_begin ] --END-- [ RunTime:0.002000s ]
NOTIC: [8] A session had already been started - ignoring session_start() G:\xampp\htdocs\thinkphp_3.2.3_full\ThinkPHP\Common\functions.php 第 1263 行.
NOTIC: [2048] Declaration of Auth\Controller\LoginController::get() should be compatible with Think\Controller::get($name = '') G:\xampp\htdocs\thinkphp_3.2.3_full\Api\Auth\Controller\LoginController.class.php 第 82 行.

[ 2016-06-04T18:36:01+08:00 ] ::1 /thinkphp_3.2.3_full/index.php/auth/login/logout
INFO: [ app_init ] --START--
INFO: Run Behavior\BuildLiteBehavior [ RunTime:0.000000s ]
INFO: [ app_init ] --END-- [ RunTime:0.001000s ]
INFO: [ app_begin ] --START--
INFO: Run Behavior\ReadHtmlCacheBehavior [ RunTime:0.002000s ]
INFO: [ app_begin ] --END-- [ RunTime:0.002000s ]
NOTIC: [8] A session had already been started - ignoring session_start() G:\xampp\htdocs\thinkphp_3.2.3_full\ThinkPHP\Common\functions.php 第 1263 行.
NOTIC: [2048] Declaration of Auth\Controller\LoginController::get() should be compatible with Think\Controller::get($name = '') G:\xampp\htdocs\thinkphp_3.2.3_full\Api\Auth\Controller\LoginController.class.php 第 82 行.

[ 2016-06-04T18:36:01+08:00 ] ::1 /thinkphp_3.2.3_full/index.php/auth/login/logout
INFO: [ app_init ] --START--
INFO: Run Behavior\BuildLiteBehavior [ RunTime:0.000000s ]
INFO: [ app_init ] --END-- [ RunTime:0.001000s ]
INFO: [ app_begin ] --START--
INFO: Run Behavior\ReadHtmlCacheBehavior [ RunTime:0.001000s ]
INFO: [ app_begin ] --END-- [ RunTime:0.001000s ]
NOTIC: [8] A session had already been started - ignoring session_start() G:\xampp\htdocs\thinkphp_3.2.3_full\ThinkPHP\Common\functions.php 第 1263 行.
NOTIC: [2048] Declaration of Auth\Controller\LoginController::get() should be compatible with Think\Controller::get($name = '') G:\xampp\htdocs\thinkphp_3.2.3_full\Api\Auth\Controller\LoginController.class.php 第 82 行.

[ 2016-06-04T18:36:02+08:00 ] ::1 /thinkphp_3.2.3_full/index.php/auth/login/logout
INFO: [ app_init ] --START--
INFO: Run Behavior\BuildLiteBehavior [ RunTime:0.000000s ]
INFO: [ app_init ] --END-- [ RunTime:0.001000s ]
INFO: [ app_begin ] --START--
INFO: Run Behavior\ReadHtmlCacheBehavior [ RunTime:0.001000s ]
INFO: [ app_begin ] --END-- [ RunTime:0.002000s ]
NOTIC: [8] A session had already been started - ignoring session_start() G:\xampp\htdocs\thinkphp_3.2.3_full\ThinkPHP\Common\functions.php 第 1263 行.
NOTIC: [2048] Declaration of Auth\Controller\LoginController::get() should be compatible with Think\Controller::get($name = '') G:\xampp\htdocs\thinkphp_3.2.3_full\Api\Auth\Controller\LoginController.class.php 第 82 行.

[ 2016-06-04T18:36:03+08:00 ] ::1 /thinkphp_3.2.3_full/index.php/auth/login/logout
INFO: [ app_init ] --START--
INFO: Run Behavior\BuildLiteBehavior [ RunTime:0.000000s ]
INFO: [ app_init ] --END-- [ RunTime:0.001000s ]
INFO: [ app_begin ] --START--
INFO: Run Behavior\ReadHtmlCacheBehavior [ RunTime:0.003000s ]
INFO: [ app_begin ] --END-- [ RunTime:0.003000s ]
NOTIC: [8] A session had already been started - ignoring session_start() G:\xampp\htdocs\thinkphp_3.2.3_full\ThinkPHP\Common\functions.php 第 1263 行.
NOTIC: [2048] Declaration of Auth\Controller\LoginController::get() should be compatible with Think\Controller::get($name = '') G:\xampp\htdocs\thinkphp_3.2.3_full\Api\Auth\Controller\LoginController.class.php 第 82 行.

[ 2016-06-04T18:37:41+08:00 ] ::1 /thinkphp_3.2.3_full/index.php/auth/login/checklogin?username=%27zx%27
INFO: [ app_init ] --START--
INFO: Run Behavior\BuildLiteBehavior [ RunTime:0.000000s ]
INFO: [ app_init ] --END-- [ RunTime:0.001000s ]
INFO: [ app_begin ] --START--
INFO: Run Behavior\ReadHtmlCacheBehavior [ RunTime:0.001000s ]
INFO: [ app_begin ] --END-- [ RunTime:0.001000s ]
NOTIC: [8] A session had already been started - ignoring session_start() G:\xampp\htdocs\thinkphp_3.2.3_full\ThinkPHP\Common\functions.php 第 1263 行.
NOTIC: [2048] Declaration of Auth\Controller\LoginController::get() should be compatible with Think\Controller::get($name = '') G:\xampp\htdocs\thinkphp_3.2.3_full\Api\Auth\Controller\LoginController.class.php 第 82 行.
SQL: SELECT * FROM `xh_user` WHERE ( userid='' and pwd='0192023a7bbd73250516f069df18b500' )  [ RunTime:0.0000s ]

[ 2016-06-04T18:37:49+08:00 ] ::1 /thinkphp_3.2.3_full/index.php/auth/login/checklogin?username=%27zx%27
INFO: [ app_init ] --START--
INFO: Run Behavior\BuildLiteBehavior [ RunTime:0.000000s ]
INFO: [ app_init ] --END-- [ RunTime:0.001000s ]
INFO: [ app_begin ] --START--
INFO: Run Behavior\ReadHtmlCacheBehavior [ RunTime:0.001001s ]
INFO: [ app_begin ] --END-- [ RunTime:0.002001s ]
NOTIC: [8] A session had already been started - ignoring session_start() G:\xampp\htdocs\thinkphp_3.2.3_full\ThinkPHP\Common\functions.php 第 1263 行.
NOTIC: [2048] Declaration of Auth\Controller\LoginController::get() should be compatible with Think\Controller::get($name = '') G:\xampp\htdocs\thinkphp_3.2.3_full\Api\Auth\Controller\LoginController.class.php 第 82 行.
SQL: SELECT * FROM `xh_user` WHERE ( userid='' and pwd='0192023a7bbd73250516f069df18b500' )  [ RunTime:0.0010s ]

[ 2016-06-04T18:37:59+08:00 ] ::1 /thinkphp_3.2.3_full/index.php/auth/login/checklogin?username=%27zx%27
INFO: [ app_init ] --START--
INFO: Run Behavior\BuildLiteBehavior [ RunTime:0.000000s ]
INFO: [ app_init ] --END-- [ RunTime:0.001000s ]
INFO: [ app_begin ] --START--
INFO: Run Behavior\ReadHtmlCacheBehavior [ RunTime:0.001000s ]
INFO: [ app_begin ] --END-- [ RunTime:0.001000s ]
NOTIC: [8] A session had already been started - ignoring session_start() G:\xampp\htdocs\thinkphp_3.2.3_full\ThinkPHP\Common\functions.php 第 1263 行.
NOTIC: [2048] Declaration of Auth\Controller\LoginController::get() should be compatible with Think\Controller::get($name = '') G:\xampp\htdocs\thinkphp_3.2.3_full\Api\Auth\Controller\LoginController.class.php 第 82 行.
SQL: SELECT * FROM `xh_user` WHERE ( userid='2014011' and pwd='0192023a7bbd73250516f069df18b500' )  [ RunTime:0.0000s ]

[ 2016-06-04T18:39:22+08:00 ] ::1 /thinkphp_3.2.3_full/index.php/auth/login/checklogin?username=%27zx%27
INFO: [ app_init ] --START--
INFO: Run Behavior\BuildLiteBehavior [ RunTime:0.000000s ]
INFO: [ app_init ] --END-- [ RunTime:0.000000s ]
INFO: [ app_begin ] --START--
INFO: Run Behavior\ReadHtmlCacheBehavior [ RunTime:0.002000s ]
INFO: [ app_begin ] --END-- [ RunTime:0.002000s ]
NOTIC: [8] A session had already been started - ignoring session_start() G:\xampp\htdocs\thinkphp_3.2.3_full\ThinkPHP\Common\functions.php 第 1263 行.
NOTIC: [2048] Declaration of Auth\Controller\LoginController::get() should be compatible with Think\Controller::get($name = '') G:\xampp\htdocs\thinkphp_3.2.3_full\Api\Auth\Controller\LoginController.class.php 第 82 行.
SQL: SELECT * FROM `xh_user` WHERE ( userid='2014011' and pwd='0192023a7bbd73250516f069df18b500' )  [ RunTime:0.0010s ]

[ 2016-06-04T18:39:35+08:00 ] ::1 /thinkphp_3.2.3_full/index.php/auth/login/logout
INFO: [ app_init ] --START--
INFO: Run Behavior\BuildLiteBehavior [ RunTime:0.000000s ]
INFO: [ app_init ] --END-- [ RunTime:0.001000s ]
INFO: [ app_begin ] --START--
INFO: Run Behavior\ReadHtmlCacheBehavior [ RunTime:0.001000s ]
INFO: [ app_begin ] --END-- [ RunTime:0.001000s ]
NOTIC: [8] A session had already been started - ignoring session_start() G:\xampp\htdocs\thinkphp_3.2.3_full\ThinkPHP\Common\functions.php 第 1263 行.
NOTIC: [2048] Declaration of Auth\Controller\LoginController::get() should be compatible with Think\Controller::get($name = '') G:\xampp\htdocs\thinkphp_3.2.3_full\Api\Auth\Controller\LoginController.class.php 第 82 行.

[ 2016-06-04T18:42:40+08:00 ] ::1 /thinkphp_3.2.3_full/index.php/auth/login/logout
INFO: [ app_init ] --START--
INFO: Run Behavior\BuildLiteBehavior [ RunTime:0.000000s ]
INFO: [ app_init ] --END-- [ RunTime:0.001000s ]
INFO: [ app_begin ] --START--
INFO: Run Behavior\ReadHtmlCacheBehavior [ RunTime:0.001000s ]
INFO: [ app_begin ] --END-- [ RunTime:0.001000s ]
NOTIC: [8] A session had already been started - ignoring session_start() G:\xampp\htdocs\thinkphp_3.2.3_full\ThinkPHP\Common\functions.php 第 1263 行.
NOTIC: [2048] Declaration of Auth\Controller\LoginController::get() should be compatible with Think\Controller::get($name = '') G:\xampp\htdocs\thinkphp_3.2.3_full\Api\Auth\Controller\LoginController.class.php 第 82 行.

[ 2016-06-04T18:43:18+08:00 ] ::1 /thinkphp_3.2.3_full/index.php/auth/login/logout
INFO: [ app_init ] --START--
INFO: Run Behavior\BuildLiteBehavior [ RunTime:0.000000s ]
INFO: [ app_init ] --END-- [ RunTime:0.001000s ]
INFO: [ app_begin ] --START--
INFO: Run Behavior\ReadHtmlCacheBehavior [ RunTime:0.002000s ]
INFO: [ app_begin ] --END-- [ RunTime:0.002000s ]
NOTIC: [8] A session had already been started - ignoring session_start() G:\xampp\htdocs\thinkphp_3.2.3_full\ThinkPHP\Common\functions.php 第 1263 行.
NOTIC: [2048] Declaration of Auth\Controller\LoginController::get() should be compatible with Think\Controller::get($name = '') G:\xampp\htdocs\thinkphp_3.2.3_full\Api\Auth\Controller\LoginController.class.php 第 82 行.

[ 2016-06-04T18:46:06+08:00 ] ::1 /thinkphp_3.2.3_full/index.php/auth/login/logout
INFO: [ app_init ] --START--
INFO: Run Behavior\BuildLiteBehavior [ RunTime:0.000000s ]
INFO: [ app_init ] --END-- [ RunTime:0.001000s ]
INFO: [ app_begin ] --START--
INFO: Run Behavior\ReadHtmlCacheBehavior [ RunTime:0.002000s ]
INFO: [ app_begin ] --END-- [ RunTime:0.002000s ]
NOTIC: [8] A session had already been started - ignoring session_start() G:\xampp\htdocs\thinkphp_3.2.3_full\ThinkPHP\Common\functions.php 第 1263 行.
NOTIC: [2048] Declaration of Auth\Controller\LoginController::get() should be compatible with Think\Controller::get($name = '') G:\xampp\htdocs\thinkphp_3.2.3_full\Api\Auth\Controller\LoginController.class.php 第 81 行.

[ 2016-06-04T19:20:20+08:00 ] ::1 /thinkphp_3.2.3_full/index.php/auth/modify/modifyinfo
INFO: [ app_init ] --START--
INFO: Run Behavior\BuildLiteBehavior [ RunTime:0.000000s ]
INFO: [ app_init ] --END-- [ RunTime:0.001000s ]
INFO: [ app_begin ] --START--
INFO: Run Behavior\ReadHtmlCacheBehavior [ RunTime:0.003000s ]
INFO: [ app_begin ] --END-- [ RunTime:0.003000s ]
NOTIC: [8] A session had already been started - ignoring session_start() G:\xampp\htdocs\thinkphp_3.2.3_full\ThinkPHP\Common\functions.php 第 1263 行.

[ 2016-06-04T19:20:46+08:00 ] ::1 /thinkphp_3.2.3_full/index.php/auth/login/checklogin?username=%27zx%27
INFO: [ app_init ] --START--
INFO: Run Behavior\BuildLiteBehavior [ RunTime:0.000000s ]
INFO: [ app_init ] --END-- [ RunTime:0.001000s ]
INFO: [ app_begin ] --START--
INFO: Run Behavior\ReadHtmlCacheBehavior [ RunTime:0.003000s ]
INFO: [ app_begin ] --END-- [ RunTime:0.003000s ]
NOTIC: [8] A session had already been started - ignoring session_start() G:\xampp\htdocs\thinkphp_3.2.3_full\ThinkPHP\Common\functions.php 第 1263 行.
NOTIC: [2048] Declaration of Auth\Controller\LoginController::get() should be compatible with Think\Controller::get($name = '') G:\xampp\htdocs\thinkphp_3.2.3_full\Api\Auth\Controller\LoginController.class.php 第 79 行.
SQL: SELECT * FROM `xh_user` WHERE ( userid='2014011' and pwd='0192023a7bbd73250516f069df18b500' )  [ RunTime:0.0010s ]

[ 2016-06-04T19:21:56+08:00 ] ::1 /thinkphp_3.2.3_full/index.php/auth/login/checklogin?username=%27zx%27
INFO: [ app_init ] --START--
INFO: Run Behavior\BuildLiteBehavior [ RunTime:0.000000s ]
INFO: [ app_init ] --END-- [ RunTime:0.001000s ]
INFO: [ app_begin ] --START--
INFO: Run Behavior\ReadHtmlCacheBehavior [ RunTime:0.002000s ]
INFO: [ app_begin ] --END-- [ RunTime:0.002000s ]
NOTIC: [8] A session had already been started - ignoring session_start() G:\xampp\htdocs\thinkphp_3.2.3_full\ThinkPHP\Common\functions.php 第 1263 行.
NOTIC: [2048] Declaration of Auth\Controller\LoginController::get() should be compatible with Think\Controller::get($name = '') G:\xampp\htdocs\thinkphp_3.2.3_full\Api\Auth\Controller\LoginController.class.php 第 79 行.
SQL: SELECT * FROM `xh_user` WHERE ( userid='2014011' and pwd='d41d8cd98f00b204e9800998ecf8427e' )  [ RunTime:0.0010s ]

[ 2016-06-04T19:22:40+08:00 ] ::1 /thinkphp_3.2.3_full/index.php/auth/login/checklogin?username=%27zx%27
INFO: [ app_init ] --START--
INFO: Run Behavior\BuildLiteBehavior [ RunTime:0.000000s ]
INFO: [ app_init ] --END-- [ RunTime:0.001000s ]
INFO: [ app_begin ] --START--
INFO: Run Behavior\ReadHtmlCacheBehavior [ RunTime:0.002000s ]
INFO: [ app_begin ] --END-- [ RunTime:0.002000s ]
NOTIC: [8] A session had already been started - ignoring session_start() G:\xampp\htdocs\thinkphp_3.2.3_full\ThinkPHP\Common\functions.php 第 1263 行.
NOTIC: [2048] Declaration of Auth\Controller\LoginController::get() should be compatible with Think\Controller::get($name = '') G:\xampp\htdocs\thinkphp_3.2.3_full\Api\Auth\Controller\LoginController.class.php 第 79 行.
SQL: SELECT * FROM `xh_user` WHERE ( userid='2014011' and pwd='d41d8cd98f00b204e9800998ecf8427e' )  [ RunTime:0.0010s ]

[ 2016-06-04T19:23:39+08:00 ] ::1 /thinkphp_3.2.3_full/index.php/auth/login/checklogin?username=%27zx%27
INFO: [ app_init ] --START--
INFO: Run Behavior\BuildLiteBehavior [ RunTime:0.000000s ]
INFO: [ app_init ] --END-- [ RunTime:0.001000s ]
INFO: [ app_begin ] --START--
INFO: Run Behavior\ReadHtmlCacheBehavior [ RunTime:0.002000s ]
INFO: [ app_begin ] --END-- [ RunTime:0.002000s ]
NOTIC: [8] A session had already been started - ignoring session_start() G:\xampp\htdocs\thinkphp_3.2.3_full\ThinkPHP\Common\functions.php 第 1263 行.
NOTIC: [2048] Declaration of Auth\Controller\LoginController::get() should be compatible with Think\Controller::get($name = '') G:\xampp\htdocs\thinkphp_3.2.3_full\Api\Auth\Controller\LoginController.class.php 第 79 行.
SQL: SELECT * FROM `xh_user` WHERE ( userid='2014011' and pwd='d41d8cd98f00b204e9800998ecf8427e' )  [ RunTime:0.0010s ]

[ 2016-06-04T19:23:49+08:00 ] ::1 /thinkphp_3.2.3_full/index.php/auth/modify/modifyinfo
INFO: [ app_init ] --START--
INFO: Run Behavior\BuildLiteBehavior [ RunTime:0.000000s ]
INFO: [ app_init ] --END-- [ RunTime:0.001000s ]
INFO: [ app_begin ] --START--
INFO: Run Behavior\ReadHtmlCacheBehavior [ RunTime:0.003000s ]
INFO: [ app_begin ] --END-- [ RunTime:0.003000s ]
NOTIC: [8] A session had already been started - ignoring session_start() G:\xampp\htdocs\thinkphp_3.2.3_full\ThinkPHP\Common\functions.php 第 1263 行.

[ 2016-06-04T19:24:57+08:00 ] ::1 /thinkphp_3.2.3_full/index.php/auth/modify/modifyinfo
INFO: [ app_init ] --START--
INFO: Run Behavior\BuildLiteBehavior [ RunTime:0.000000s ]
INFO: [ app_init ] --END-- [ RunTime:0.002000s ]
INFO: [ app_begin ] --START--
INFO: Run Behavior\ReadHtmlCacheBehavior [ RunTime:0.003000s ]
INFO: [ app_begin ] --END-- [ RunTime:0.003000s ]
NOTIC: [8] A session had already been started - ignoring session_start() G:\xampp\htdocs\thinkphp_3.2.3_full\ThinkPHP\Common\functions.php 第 1263 行.

[ 2016-06-04T19:26:39+08:00 ] ::1 /thinkphp_3.2.3_full/index.php/auth/modify/modifyinfo
INFO: [ app_init ] --START--
INFO: Run Behavior\BuildLiteBehavior [ RunTime:0.000000s ]
INFO: [ app_init ] --END-- [ RunTime:0.001000s ]
INFO: [ app_begin ] --START--
INFO: Run Behavior\ReadHtmlCacheBehavior [ RunTime:0.002000s ]
INFO: [ app_begin ] --END-- [ RunTime:0.002000s ]
NOTIC: [8] A session had already been started - ignoring session_start() G:\xampp\htdocs\thinkphp_3.2.3_full\ThinkPHP\Common\functions.php 第 1263 行.
SQL: UPDATE `xh_user` SET `username`='lhs',`imageurl`='http',`runtime`='2016-06-04 07:26:39' WHERE ( UserID=2014011 ) [ RunTime:0.1150s ]

[ 2016-06-04T19:26:52+08:00 ] ::1 /thinkphp_3.2.3_full/index.php/auth/modify/modifyinfo
INFO: [ app_init ] --START--
INFO: Run Behavior\BuildLiteBehavior [ RunTime:0.000000s ]
INFO: [ app_init ] --END-- [ RunTime:0.000000s ]
INFO: [ app_begin ] --START--
INFO: Run Behavior\ReadHtmlCacheBehavior [ RunTime:0.003000s ]
INFO: [ app_begin ] --END-- [ RunTime:0.003000s ]
NOTIC: [8] A session had already been started - ignoring session_start() G:\xampp\htdocs\thinkphp_3.2.3_full\ThinkPHP\Common\functions.php 第 1263 行.

[ 2016-06-04T22:21:46+08:00 ] ::1 /thinkphp_3.2.3_full/index.php/auth/login/checklogin?username=%27zx%27
INFO: [ app_init ] --START--
INFO: Run Behavior\BuildLiteBehavior [ RunTime:0.000000s ]
INFO: [ app_init ] --END-- [ RunTime:0.160009s ]
INFO: [ app_begin ] --START--
INFO: Run Behavior\ReadHtmlCacheBehavior [ RunTime:0.040002s ]
INFO: [ app_begin ] --END-- [ RunTime:0.040002s ]
NOTIC: [8] A session had already been started - ignoring session_start() G:\xampp\htdocs\thinkphp_3.2.3_full\ThinkPHP\Common\functions.php 第 1263 行.
NOTIC: [2048] Declaration of Auth\Controller\LoginController::get() should be compatible with Think\Controller::get($name = '') G:\xampp\htdocs\thinkphp_3.2.3_full\Api\Auth\Controller\LoginController.class.php 第 79 行.
SQL: SELECT * FROM `xh_user` WHERE ( userid='2014011' and pwd='0192023a7bbd73250516f069df18b500' )  [ RunTime:0.2650s ]

